OMWGoogleAdapter/build/outputs/logs/manifest-merger-debug-report.txt
-- Merging decision tree log ---
manifest
ADDED from src/main/AndroidManifest.xml:2:1-83:12
	package
		ADDED from src/main/AndroidManifest.xml:3:5-60
		INJECTED from src/main/AndroidManifest.xml
		INJECTED from src/main/AndroidManifest.xml
	android:versionName
		ADDED from src/main/AndroidManifest.xml:5:5-30
		INJECTED from src/main/AndroidManifest.xml
		INJECTED from src/main/AndroidManifest.xml
	android:versionCode
		ADDED from src/main/AndroidManifest.xml:4:5-28
		INJECTED from src/main/AndroidManifest.xml
		INJECTED from src/main/AndroidManifest.xml
	xmlns:android
		ADDED from src/main/AndroidManifest.xml:2:11-69
uses-sdk
ADDED from src/main/AndroidManifest.xml:7:5-9:41
MERGED from [com.google.android.gms:play-services-ads:8.3.0] AndroidManifest.xml:23:5-42
MERGED from [com.google.android.gms:play-services-basement:8.3.0] AndroidManifest.xml:18:5-42
MERGED from [com.android.support:support-v4:22.2.0] AndroidManifest.xml:20:5-43
	android:targetSdkVersion
		ADDED from src/main/AndroidManifest.xml:9:9-38
		INJECTED from src/main/AndroidManifest.xml
		INJECTED from src/main/AndroidManifest.xml
	android:minSdkVersion
		ADDED from src/main/AndroidManifest.xml:8:9-34
		INJECTED from src/main/AndroidManifest.xml
		INJECTED from src/main/AndroidManifest.xml
uses-permission#android.permission.INTERNET
ADDED from src/main/AndroidManifest.xml:10:5-67
MERGED from [com.google.android.gms:play-services-ads:8.3.0] AndroidManifest.xml:20:5-66
	android:name
		ADDED from src/main/AndroidManifest.xml:10:22-64
uses-permission#android.permission.ACCESS_NETWORK_STATE
ADDED from src/main/AndroidManifest.xml:11:5-79
MERGED from [com.google.android.gms:play-services-ads:8.3.0] AndroidManifest.xml:21:5-78
	android:name
		ADDED from src/main/AndroidManifest.xml:11:22-76
uses-permission#android.permission.WRITE_EXTERNAL_STORAGE
ADDED from src/main/AndroidManifest.xml:12:5-81
	android:name
		ADDED from src/main/AndroidManifest.xml:12:22-78
uses-permission#android.permission.ACCESS_COARSE_LOCATION
ADDED from src/main/AndroidManifest.xml:15:5-81
	android:name
		ADDED from src/main/AndroidManifest.xml:15:22-78
uses-permission#android.permission.ACCESS_FINE_LOCATION
ADDED from src/main/AndroidManifest.xml:16:5-79
	android:name
		ADDED from src/main/AndroidManifest.xml:16:22-76
application
ADDED from src/main/AndroidManifest.xml:18:5-81:19
MERGED from [com.google.android.gms:play-services-ads:8.3.0] AndroidManifest.xml:24:5-32:19
MERGED from [com.google.android.gms:play-services-basement:8.3.0] AndroidManifest.xml:20:5-24:19
MERGED from [com.android.support:support-v4:22.2.0] AndroidManifest.xml:22:5-20
	android:label
		ADDED from src/main/AndroidManifest.xml:21:9-41
	android:allowBackup
		ADDED from src/main/AndroidManifest.xml:19:9-35
	android:icon
		ADDED from src/main/AndroidManifest.xml:20:9-45
meta-data#com.google.android.gms.version
ADDED from src/main/AndroidManifest.xml:24:9-121
MERGED from [com.google.android.gms:play-services-basement:8.3.0] AndroidManifest.xml:21:9-23:69
	android:value
		ADDED from src/main/AndroidManifest.xml:24:66-119
	android:name
		ADDED from src/main/AndroidManifest.xml:24:20-65
activity#com.operamediaworks.googleplayadapter.demoapp.MainActivity
ADDED from src/main/AndroidManifest.xml:26:9-35:20
	android:label
		ADDED from src/main/AndroidManifest.xml:28:13-45
	android:configChanges
		ADDED from src/main/AndroidManifest.xml:29:13-83
	android:name
		ADDED from src/main/AndroidManifest.xml:27:13-41
intent-filter#android.intent.action.MAIN+android.intent.category.LAUNCHER
ADDED from src/main/AndroidManifest.xml:30:13-34:29
action#android.intent.action.MAIN
ADDED from src/main/AndroidManifest.xml:31:17-69
	android:name
		ADDED from src/main/AndroidManifest.xml:31:25-66
category#android.intent.category.LAUNCHER
ADDED from src/main/AndroidManifest.xml:33:17-77
	android:name
		ADDED from src/main/AndroidManifest.xml:33:27-74
activity#com.google.android.gms.ads.AdActivity
ADDED from src/main/AndroidManifest.xml:39:9-41:64
MERGED from [com.google.android.gms:play-services-ads:8.3.0] AndroidManifest.xml:26:9-29:64
	android:configChanges
		ADDED from src/main/AndroidManifest.xml:40:13-122
	android:theme
		ADDED from src/main/AndroidManifest.xml:41:13-61
	android:name
		ADDED from src/main/AndroidManifest.xml:39:19-71
activity#com.admarvel.android.ads.AdMarvelActivity
ADDED from src/main/AndroidManifest.xml:44:9-49:20
	android:hardwareAccelerated
		ADDED from src/main/AndroidManifest.xml:47:13-47
	android:configChanges
		ADDED from src/main/AndroidManifest.xml:46:13-83
	android:theme
		ADDED from src/main/AndroidManifest.xml:48:13-71
	android:name
		ADDED from src/main/AndroidManifest.xml:45:13-69
activity#com.admarvel.android.ads.AdMarvelVideoActivity
ADDED from src/main/AndroidManifest.xml:50:9-55:20
	android:hardwareAccelerated
		ADDED from src/main/AndroidManifest.xml:53:13-47
	android:configChanges
		ADDED from src/main/AndroidManifest.xml:52:13-83
	android:theme
		ADDED from src/main/AndroidManifest.xml:54:13-71
	android:name
		ADDED from src/main/AndroidManifest.xml:51:13-74
activity#com.jirbo.adcolony.AdColonyOverlay
ADDED from src/main/AndroidManifest.xml:57:9-60:86
	android:configChanges
		ADDED from src/main/AndroidManifest.xml:59:13-74
	android:theme
		ADDED from src/main/AndroidManifest.xml:60:13-83
	android:name
		ADDED from src/main/AndroidManifest.xml:58:13-62
activity#com.jirbo.adcolony.AdColonyFullscreen
ADDED from src/main/AndroidManifest.xml:61:9-64:80
	android:configChanges
		ADDED from src/main/AndroidManifest.xml:63:13-74
	android:theme
		ADDED from src/main/AndroidManifest.xml:64:13-77
	android:name
		ADDED from src/main/AndroidManifest.xml:62:13-65
activity#com.jirbo.adcolony.AdColonyBrowser
ADDED from src/main/AndroidManifest.xml:65:9-68:80
	android:configChanges
		ADDED from src/main/AndroidManifest.xml:67:13-74
	android:theme
		ADDED from src/main/AndroidManifest.xml:68:13-77
	android:name
		ADDED from src/main/AndroidManifest.xml:66:13-62
activity#com.facebook.ads.InterstitialAdActivity
ADDED from src/main/AndroidManifest.xml:71:9-72:83
	android:configChanges
		ADDED from src/main/AndroidManifest.xml:72:19-80
	android:name
		ADDED from src/main/AndroidManifest.xml:71:19-73
activity#com.amazon.device.ads.AdActivity
ADDED from src/main/AndroidManifest.xml:74:9-75:68
	android:configChanges
		ADDED from src/main/AndroidManifest.xml:75:5-66
	android:name
		ADDED from src/main/AndroidManifest.xml:74:19-66
provider#com.admarvel.android.ads.AdMarvelLocalFileContentProvider
ADDED from src/main/AndroidManifest.xml:77:9-80:40
	android:authorities
		ADDED from src/main/AndroidManifest.xml:79:13-113
	android:exported
		ADDED from src/main/AndroidManifest.xml:80:13-37
	android:name
		ADDED from src/main/AndroidManifest.xml:78:13-85
activity#com.google.android.gms.ads.purchase.InAppPurchaseActivity
ADDED from [com.google.android.gms:play-services-ads:8.3.0] AndroidManifest.xml:30:9-31:52
	android:theme
		ADDED from [com.google.android.gms:play-services-ads:8.3.0] AndroidManifest.xml:31:13-50
	android:name
		ADDED from [com.google.android.gms:play-services-ads:8.3.0] AndroidManifest.xml:30:19-91